<?xml version="1.0" encoding="UTF-8"?>
<!-- Generated by org.testng.reporters.JUnitReportReporter -->
<testsuite hostname="DESKTOP-7UK1N8C" failures="0" tests="1" name="testngtest.Test1" time="0.016" errors="0" timestamp="2020-12-30T10:55:36 EST" skipped="0">
  <testcase classname="testngtest.Test1" name="printName" time="0.016"/>
  <system-out/>
</testsuite> <!-- testngtest.Test1 -->
